<?xml version="1.0" encoding="UTF-8"?>
<!-- Generated by org.testng.reporters.JUnitXMLReporter -->
<testsuite ignored="0" hostname="VENKAT" failures="0" tests="3" name="E2E Tests" time="41.019" errors="0" timestamp="2025-11-16T19:10:55 IST">
  <testcase classname="tests.CategoryTest" name="detectAndSelectCategory" time="10.676"/>
  <testcase classname="tests.ProductAndCartTest" name="selectProductsAddToCartAndValidate" time="15.929"/>
  <testcase classname="tests.RegistrationNegativeTest" name="negativeRegistrationMissingField" time="5.042"/>
</testsuite> <!-- E2E Tests -->
